<?xml version="1.0" encoding="UTF-8"?>
<testsuite xmlns:xsi="http://www.w3.org/2001/XMLSchema-instance" xsi:noNamespaceSchemaLocation="https://maven.apache.org/surefire/maven-surefire-plugin/xsd/surefire-test-report.xsd" name="com.bridgelabz.UserReg.UserRegistrationTest" time="0.067" tests="18" errors="0" skipped="0" failures="0">
  <properties>
    <property name="java.specification.version" value="14"/>
    <property name="sun.cpu.isalist" value="amd64"/>
    <property name="sun.jnu.encoding" value="Cp1252"/>
    <property name="java.class.path" value="C:\Users\DIRECTOR HOME\eclipseworkspace\UserReg\target\test-classes;C:\Users\DIRECTOR HOME\eclipseworkspace\UserReg\target\classes;C:\Users\DIRECTOR HOME\.m2\repository\junit\junit\4.11\junit-4.11.jar;C:\Users\DIRECTOR HOME\.m2\repository\org\hamcrest\hamcrest-core\1.3\hamcrest-core-1.3.jar;"/>
    <property name="java.vm.vendor" value="Oracle Corporation"/>
    <property name="sun.arch.data.model" value="64"/>
    <property name="user.variant" value=""/>
    <property name="java.vendor.url" value="https://java.oracle.com/"/>
    <property name="user.timezone" value="Asia/Calcutta"/>
    <property name="os.name" value="Windows 10"/>
    <property name="java.vm.specification.version" value="14"/>
    <property name="sun.java.launcher" value="SUN_STANDARD"/>
    <property name="user.country" value="IN"/>
    <property name="sun.boot.library.path" value="C:\Users\DIRECTOR HOME\.p2\pool\plugins\org.eclipse.justj.openjdk.hotspot.jre.full.win32.x86_64_14.0.2.v20200815-0932\jre\bin"/>
    <property name="sun.java.command" value="C:\Users\DIRECT~1\AppData\Local\Temp\surefire5582082279741772537\surefirebooter14528519678101761567.jar C:\Users\DIRECTOR HOME\AppData\Local\Temp\surefire5582082279741772537 2020-09-30T08-53-45_365-jvmRun1 surefire12303455224928983624tmp surefire_013720616214602386689tmp"/>
    <property name="jdk.debug" value="release"/>
    <property name="surefire.test.class.path" value="C:\Users\DIRECTOR HOME\eclipseworkspace\UserReg\target\test-classes;C:\Users\DIRECTOR HOME\eclipseworkspace\UserReg\target\classes;C:\Users\DIRECTOR HOME\.m2\repository\junit\junit\4.11\junit-4.11.jar;C:\Users\DIRECTOR HOME\.m2\repository\org\hamcrest\hamcrest-core\1.3\hamcrest-core-1.3.jar;"/>
    <property name="sun.cpu.endian" value="little"/>
    <property name="user.home" value="C:\Users\DIRECTOR HOME"/>
    <property name="user.language" value="en"/>
    <property name="java.specification.vendor" value="Oracle Corporation"/>
    <property name="java.version.date" value="2020-07-14"/>
    <property name="java.home" value="C:\Users\DIRECTOR HOME\.p2\pool\plugins\org.eclipse.justj.openjdk.hotspot.jre.full.win32.x86_64_14.0.2.v20200815-0932\jre"/>
    <property name="file.separator" value="\"/>
    <property name="basedir" value="C:\Users\DIRECTOR HOME\eclipseworkspace\UserReg"/>
    <property name="java.vm.compressedOopsMode" value="32-bit"/>
    <property name="line.separator" value="&#10;"/>
    <property name="java.vm.specification.vendor" value="Oracle Corporation"/>
    <property name="java.specification.name" value="Java Platform API Specification"/>
    <property name="surefire.real.class.path" value="C:\Users\DIRECT~1\AppData\Local\Temp\surefire5582082279741772537\surefirebooter14528519678101761567.jar"/>
    <property name="user.script" value=""/>
    <property name="sun.management.compiler" value="HotSpot 64-Bit Tiered Compilers"/>
    <property name="java.runtime.version" value="14.0.2+12-46"/>
    <property name="user.name" value="DIRECTOR HOME"/>
    <property name="path.separator" value=";"/>
    <property name="os.version" value="10.0"/>
    <property name="java.runtime.name" value="OpenJDK Runtime Environment"/>
    <property name="file.encoding" value="Cp1252"/>
    <property name="java.vm.name" value="OpenJDK 64-Bit Server VM"/>
    <property name="localRepository" value="C:\Users\DIRECTOR HOME\.m2\repository"/>
    <property name="java.vendor.url.bug" value="https://bugreport.java.com/bugreport/"/>
    <property name="java.io.tmpdir" value="C:\Users\DIRECT~1\AppData\Local\Temp\"/>
    <property name="java.version" value="14.0.2"/>
    <property name="user.dir" value="C:\Users\DIRECTOR HOME\eclipseworkspace\UserReg"/>
    <property name="os.arch" value="amd64"/>
    <property name="java.vm.specification.name" value="Java Virtual Machine Specification"/>
    <property name="sun.os.patch.level" value=""/>
    <property name="java.library.path" value="C:\Users\DIRECTOR HOME\.p2\pool\plugins\org.eclipse.justj.openjdk.hotspot.jre.full.win32.x86_64_14.0.2.v20200815-0932\jre\bin;C:\WINDOWS\Sun\Java\bin;C:\WINDOWS\system32;C:\WINDOWS;C:/Users/DIRECTOR HOME/.p2/pool/plugins/org.eclipse.justj.openjdk.hotspot.jre.full.win32.x86_64_14.0.2.v20200815-0932/jre/bin/server;C:/Users/DIRECTOR HOME/.p2/pool/plugins/org.eclipse.justj.openjdk.hotspot.jre.full.win32.x86_64_14.0.2.v20200815-0932/jre/bin;C:\Program Files (x86)\Intel\iCLS Client\;C:\ProgramData\Oracle\Java\javapath;C:\Program Files\Intel\iCLS Client\;C:\WINDOWS\system32;C:\WINDOWS;C:\WINDOWS\System32\Wbem;C:\WINDOWS\System32\WindowsPowerShell\v1.0\;C:\Program Files (x86)\Intel\Intel(R) Management Engine Components\DAL;C:\Program Files\Intel\Intel(R) Management Engine Components\DAL;C:\Program Files (x86)\Intel\Intel(R) Management Engine Components\IPT;C:\Program Files\Intel\Intel(R) Management Engine Components\IPT;C:\WINDOWS\System32\OpenSSH\;C:\Program Files (x86)\HP\IdrsOCR_15.2.10.1114\;C:\Program Files\Java\jdk-13.0.2\bin;C:\Program Files\Git\cmd;C:\Program Files\Java\jdk1.8.0_45\bin;C:\Users\DIRECTOR HOME\AppData\Local\Microsoft\WindowsApps;;C:\Users\DIRECTOR HOME\Desktop;;."/>
    <property name="java.vm.info" value="mixed mode"/>
    <property name="java.vendor" value="Oracle Corporation"/>
    <property name="java.vm.version" value="14.0.2+12-46"/>
    <property name="sun.io.unicode.encoding" value="UnicodeLittle"/>
    <property name="java.class.version" value="58.0"/>
  </properties>
  <testcase name="givenPassword_WhenAtleastOneUpperCase_ReturnTrue" classname="com.bridgelabz.UserReg.UserRegistrationTest" time="0.003"/>
  <testcase name="givenLastName_WhenDoesNotStartWithCapital_ReturnFalse" classname="com.bridgelabz.UserReg.UserRegistrationTest" time="0"/>
  <testcase name="givenMobile_WhenNotATenDigitNumber_ReturnFalse" classname="com.bridgelabz.UserReg.UserRegistrationTest" time="0"/>
  <testcase name="givenPassword_WhenMoreThanOneSpecialCharacter_ReturnFalse" classname="com.bridgelabz.UserReg.UserRegistrationTest" time="0.001"/>
  <testcase name="givenName_WhenPatternMatches_ReturnTrue" classname="com.bridgelabz.UserReg.UserRegistrationTest" time="0"/>
  <testcase name="givenLastName_WhenPatternMatches_ReturnTrue" classname="com.bridgelabz.UserReg.UserRegistrationTest" time="0"/>
  <testcase name="givenPassword_WhenNoSpecialCharacter_ReturnFalse" classname="com.bridgelabz.UserReg.UserRegistrationTest" time="0"/>
  <testcase name="givenName_WhenDoesNotStartWithCapital_ReturnFalse" classname="com.bridgelabz.UserReg.UserRegistrationTest" time="0"/>
  <testcase name="givenPassword_WhenNoNumeric_ReturnFalse" classname="com.bridgelabz.UserReg.UserRegistrationTest" time="0"/>
  <testcase name="givenLastName_WhenLessThanThreeCharacters_ReturnFalse" classname="com.bridgelabz.UserReg.UserRegistrationTest" time="0"/>
  <testcase name="givenPassword_WhenNotMinimumEightCharacters_ReturnFalse" classname="com.bridgelabz.UserReg.UserRegistrationTest" time="0"/>
  <testcase name="givenPassword_WhenAtleastOneNumeric_ReturnTrue" classname="com.bridgelabz.UserReg.UserRegistrationTest" time="0"/>
  <testcase name="givenMobile_WhenNoCountryCode_ReturnFalse" classname="com.bridgelabz.UserReg.UserRegistrationTest" time="0.002"/>
  <testcase name="givenPassword_WhenNoUpperCase_ReturnFalse" classname="com.bridgelabz.UserReg.UserRegistrationTest" time="0"/>
  <testcase name="givenPassword_WhenExactlyOneSpecialCharacter_ReturnTrue" classname="com.bridgelabz.UserReg.UserRegistrationTest" time="0"/>
  <testcase name="givenName_WhenLessThanThreeCharacters_ReturnFalse" classname="com.bridgelabz.UserReg.UserRegistrationTest" time="0.003"/>
  <testcase name="givenPassword_WhenMinimumEightCharacters_ReturnTrue" classname="com.bridgelabz.UserReg.UserRegistrationTest" time="0"/>
  <testcase name="givenMobile_WhenPatternMatches_ReturnTrue" classname="com.bridgelabz.UserReg.UserRegistrationTest" time="0"/>
</testsuite>